Using pre-set license
Built from '2021.3/staging' branch; Version is '2021.3.9f1 (ad3870b89536) revision 11352176'; Using compiler version '192829333'; Build Type 'Release'
OS: 'Windows 11  (10.0.22621) 64bit Core' Language: 'en' Physical Memory: 15720 MB
BatchMode: 1, IsHumanControllingUs: 0, StartBugReporterOnCrash: 0, Is64bit: 1, IsPro: 1

COMMAND LINE ARGUMENTS:
C:\Program Files\Unity\Hub\Editor\2021.3.9f1\Editor\Unity.exe
-adb2
-batchMode
-noUpm
-name
AssetImportWorker2
-projectPath
C:/Users/abood/Documents/GitHub/Junior-Project/ProjMain
-logFile
Logs/AssetImportWorker2.log
-srvPort
60670
Successfully changed project path to: C:/Users/abood/Documents/GitHub/Junior-Project/ProjMain
C:/Users/abood/Documents/GitHub/Junior-Project/ProjMain
[UnityMemory] Configuration Parameters - Can be set up in boot.config
    "memorysetup-bucket-allocator-granularity=16"
    "memorysetup-bucket-allocator-bucket-count=8"
    "memorysetup-bucket-allocator-block-size=33554432"
    "memorysetup-bucket-allocator-block-count=8"
    "memorysetup-main-allocator-block-size=16777216"
    "memorysetup-thread-allocator-block-size=16777216"
    "memorysetup-gfx-main-allocator-block-size=16777216"
    "memorysetup-gfx-thread-allocator-block-size=16777216"
    "memorysetup-cache-allocator-block-size=4194304"
    "memorysetup-typetree-allocator-block-size=2097152"
    "memorysetup-profiler-bucket-allocator-granularity=16"
    "memorysetup-profiler-bucket-allocator-bucket-count=8"
    "memorysetup-profiler-bucket-allocator-block-size=33554432"
    "memorysetup-profiler-bucket-allocator-block-count=8"
    "memorysetup-profiler-allocator-block-size=16777216"
    "memorysetup-profiler-editor-allocator-block-size=1048576"
    "memorysetup-temp-allocator-size-main=16777216"
    "memorysetup-job-temp-allocator-block-size=2097152"
    "memorysetup-job-temp-allocator-block-size-background=1048576"
    "memorysetup-job-temp-allocator-reduction-small-platforms=262144"
    "memorysetup-temp-allocator-size-background-worker=32768"
    "memorysetup-temp-allocator-size-job-worker=262144"
    "memorysetup-temp-allocator-size-preload-manager=33554432"
    "memorysetup-temp-allocator-size-nav-mesh-worker=65536"
    "memorysetup-temp-allocator-size-audio-worker=65536"
    "memorysetup-temp-allocator-size-cloud-worker=32768"
    "memorysetup-temp-allocator-size-gi-baking-worker=262144"
    "memorysetup-temp-allocator-size-gfx=262144"
Refreshing native plugins compatible for Editor in 106.09 ms, found 4 plugins.
Preloading 0 native plugins for Editor in 0.00 ms.
Initialize engine version: 2021.3.9f1 (ad3870b89536)
[Subsystems] Discovering subsystems at path C:/Program Files/Unity/Hub/Editor/2021.3.9f1/Editor/Data/Resources/UnitySubsystems
[Subsystems] Discovering subsystems at path C:/Users/abood/Documents/GitHub/Junior-Project/ProjMain/Assets
GfxDevice: creating device client; threaded=0; jobified=0
Direct3D:
    Version:  Direct3D 11.0 [level 11.1]
    Renderer: AMD Radeon(TM) Graphics (ID=0x164c)
    Vendor:   ATI
    VRAM:     7860 MB
    Driver:   30.0.13014.8
Initialize mono
Mono path[0] = 'C:/Program Files/Unity/Hub/Editor/2021.3.9f1/Editor/Data/Managed'
Mono path[1] = 'C:/Program Files/Unity/Hub/Editor/2021.3.9f1/Editor/Data/MonoBleedingEdge/lib/mono/unityjit-win32'
Mono config path = 'C:/Program Files/Unity/Hub/Editor/2021.3.9f1/Editor/Data/MonoBleedingEdge/etc'
Using monoOptions --debugger-agent=transport=dt_socket,embedding=1,server=y,suspend=n,address=127.0.0.1:56832
Begin MonoManager ReloadAssembly
Registering precompiled unity dll's ...
Register platform support module: C:/Program Files/Unity/Hub/Editor/2021.3.9f1/Editor/Data/PlaybackEngines/WebGLSupport/UnityEditor.WebGL.Extensions.dll
Register platform support module: C:/Program Files/Unity/Hub/Editor/2021.3.9f1/Editor/Data/PlaybackEngines/WindowsStandaloneSupport/UnityEditor.WindowsStandalone.Extensions.dll
Registered in 0.004192 seconds.
Native extension for WindowsStandalone target not found
Native extension for WebGL target not found
Refreshing native plugins compatible for Editor in 107.62 ms, found 4 plugins.
Preloading 0 native plugins for Editor in 0.00 ms.
Mono: successfully reloaded assembly
- Completed reload, in  1.001 seconds
Domain Reload Profiling:
	ReloadAssembly (1002ms)
		BeginReloadAssembly (83ms)
			ExecutionOrderSort (0ms)
			DisableScriptedObjects (0ms)
			BackupInstance (0ms)
			ReleaseScriptingObjects (0ms)
			CreateAndSetChildDomain (1ms)
		EndReloadAssembly (674ms)
			LoadAssemblies (82ms)
			RebuildTransferFunctionScriptingTraits (0ms)
			SetupTypeCache (294ms)
			ReleaseScriptCaches (0ms)
			RebuildScriptCaches (43ms)
			SetupLoadedEditorAssemblies (284ms)
				LogAssemblyErrors (0ms)
				InitializePlatformSupportModulesInManaged (8ms)
				SetLoadedEditorAssemblies (0ms)
				RefreshPlugins (108ms)
				BeforeProcessingInitializeOnLoad (1ms)
				ProcessInitializeOnLoadAttributes (116ms)
				ProcessInitializeOnLoadMethodAttributes (51ms)
				AfterProcessingInitializeOnLoad (0ms)
				EditorAssembliesLoaded (0ms)
			ExecutionOrderSort2 (0ms)
			AwakeInstancesAfterBackupRestoration (0ms)
Platform modules already initialized, skipping
Registering precompiled user dll's ...
Registered in 0.005926 seconds.
Begin MonoManager ReloadAssembly
Symbol file LoadedFromMemory doesn't match image C:\Users\abood\Documents\GitHub\Junior-Project\ProjMain\Library\PackageCache\com.unity.visualscripting@1.7.8\Editor\VisualScripting.Core\Dependencies\YamlDotNet\Unity.VisualScripting.YamlDotNet.dll
Symbol file LoadedFromMemory doesn't match image C:\Users\abood\Documents\GitHub\Junior-Project\ProjMain\Library\PackageCache\com.unity.visualscripting@1.7.8\Editor\VisualScripting.Core\Dependencies\DotNetZip\Unity.VisualScripting.IonicZip.dll
Native extension for WindowsStandalone target not found
Native extension for WebGL target not found
Refreshing native plugins compatible for Editor in 106.85 ms, found 4 plugins.
Preloading 0 native plugins for Editor in 0.00 ms.
Mono: successfully reloaded assembly
- Completed reload, in  1.249 seconds
Domain Reload Profiling:
	ReloadAssembly (1250ms)
		BeginReloadAssembly (129ms)
			ExecutionOrderSort (0ms)
			DisableScriptedObjects (5ms)
			BackupInstance (0ms)
			ReleaseScriptingObjects (0ms)
			CreateAndSetChildDomain (21ms)
		EndReloadAssembly (1016ms)
			LoadAssemblies (85ms)
			RebuildTransferFunctionScriptingTraits (0ms)
			SetupTypeCache (236ms)
			ReleaseScriptCaches (1ms)
			RebuildScriptCaches (62ms)
			SetupLoadedEditorAssemblies (591ms)
				LogAssemblyErrors (0ms)
				InitializePlatformSupportModulesInManaged (5ms)
				SetLoadedEditorAssemblies (0ms)
				RefreshPlugins (107ms)
				BeforeProcessingInitializeOnLoad (94ms)
				ProcessInitializeOnLoadAttributes (335ms)
				ProcessInitializeOnLoadMethodAttributes (45ms)
				AfterProcessingInitializeOnLoad (5ms)
				EditorAssembliesLoaded (0ms)
			ExecutionOrderSort2 (0ms)
			AwakeInstancesAfterBackupRestoration (5ms)
Platform modules already initialized, skipping
========================================================================
Worker process is ready to serve import requests
Launched and connected shader compiler UnityShaderCompiler.exe after 0.09 seconds
Refreshing native plugins compatible for Editor in 1.10 ms, found 4 plugins.
Preloading 0 native plugins for Editor in 0.00 ms.
Unloading 4259 Unused Serialized files (Serialized files now loaded: 0)
Unloading 51 unused Assets / (128.7 KB). Loaded Objects now: 4715.
Memory consumption went from 160.8 MB to 160.6 MB.
Total: 4.978700 ms (FindLiveObjects: 0.563100 ms CreateObjectMapping: 0.358600 ms MarkObjects: 3.870300 ms  DeleteObjects: 0.184200 ms)

AssetImportParameters requested are different than current active one (requested -> active):
  custom:video-decoder-ogg-theora: a1e56fd34408186e4bbccfd4996cb3dc -> 
  custom:container-muxer-webm: aa71ff27fc2769a1b78a27578f13a17b -> 
  custom:container-demuxer-webm: 4f35f7cbe854078d1ac9338744f61a02 -> 
  custom:video-encoder-webm-vp8: eb34c28f22e8b96e1ab97ce403110664 -> 
  custom:video-codec-MediaFoundation-h265: 746d11721c4dcdbdad8f713fa42b33f4 -> 
  custom:audio-encoder-webm-vorbis: bf7c407c2cedff20999df2af8eb42d56 -> 
  custom:framework-win-MediaFoundation: 216162199b28c13a410421893ffa2e32 -> 
  custom:container-demuxer-ogg: 62fdf1f143b41e24485cea50d1cbac27 -> 
  custom:video-decoder-webm-vp8: 9c59270c3fd7afecdb556c50c9e8de78 -> 
  custom:audio-decoder-ogg-vorbis: bf7c407c2cedff20999df2af8eb42d56 -> 
========================================================================
Received Import Request.
  Time since last request: 870807.546927 seconds.
  path: Assets/sound effects/new sounds
  artifactKey: Guid(2184308e6722dce489b41de7bf12fcb5) Importer(815301076,1909f56bfc062723c751e8b465ee728b)
Start importing Assets/sound effects/new sounds using Guid(2184308e6722dce489b41de7bf12fcb5) Importer(815301076,1909f56bfc062723c751e8b465ee728b)  -> (artifact id: '7391aef4cdf436a42efb4ab00243f6cc') in 0.017274 seconds 
========================================================================
Received Import Request.
  Time since last request: 0.056185 seconds.
  path: Assets/sound effects/new sounds/Attack Hyena.mp3
  artifactKey: Guid(27469f75b1695a649b91554e24e22355) Importer(815301076,1909f56bfc062723c751e8b465ee728b)
Start importing Assets/sound effects/new sounds/Attack Hyena.mp3 using Guid(27469f75b1695a649b91554e24e22355) Importer(815301076,1909f56bfc062723c751e8b465ee728b)  -> (artifact id: '46bfdb2ddba871c33450462d70adc03d') in 0.189988 seconds 
========================================================================
Received Import Request.
  Time since last request: 2.750104 seconds.
  path: Assets/sound effects/lava
  artifactKey: Guid(a02d7c14be8a1dc40aed43e4112229f4) Importer(815301076,1909f56bfc062723c751e8b465ee728b)
Start importing Assets/sound effects/lava using Guid(a02d7c14be8a1dc40aed43e4112229f4) Importer(815301076,1909f56bfc062723c751e8b465ee728b)  -> (artifact id: '03a7b9e5e7f3837d793fb4a80b31030c') in 0.011560 seconds 
========================================================================
Received Import Request.
  Time since last request: 0.052751 seconds.
  path: Assets/sound effects/lava/15.png
  artifactKey: Guid(b79d806e8bf139e4494f5eeb3c53e600) Importer(815301076,1909f56bfc062723c751e8b465ee728b)
Start importing Assets/sound effects/lava/15.png using Guid(b79d806e8bf139e4494f5eeb3c53e600) Importer(815301076,1909f56bfc062723c751e8b465ee728b)  -> (artifact id: '17b5bf735f0e2c8ec8a222a72afb6d7e') in 0.068535 seconds 
========================================================================
Received Import Request.
  Time since last request: 1.995020 seconds.
  path: Assets/sound effects/wind
  artifactKey: Guid(b34da1aa41cf6df4993826076271ab4b) Importer(815301076,1909f56bfc062723c751e8b465ee728b)
Start importing Assets/sound effects/wind using Guid(b34da1aa41cf6df4993826076271ab4b) Importer(815301076,1909f56bfc062723c751e8b465ee728b)  -> (artifact id: '8af8ace220754e3c293471914db54b3d') in 0.010781 seconds 
========================================================================
Received Import Request.
  Time since last request: 0.053076 seconds.
  path: Assets/sound effects/wind/W401-1.png
  artifactKey: Guid(b1b404af29eb23e43957b95277db35da) Importer(815301076,1909f56bfc062723c751e8b465ee728b)
Start importing Assets/sound effects/wind/W401-1.png using Guid(b1b404af29eb23e43957b95277db35da) Importer(815301076,1909f56bfc062723c751e8b465ee728b)  -> (artifact id: '7ad9de9de18cc44cd1f4260953425ba4') in 0.048363 seconds 
========================================================================
Received Import Request.
  Time since last request: 0.000035 seconds.
  path: Assets/sound effects/wind/Wind.prefab
  artifactKey: Guid(c1f4711c93e2d39488f07a2b955cb5a6) Importer(815301076,1909f56bfc062723c751e8b465ee728b)
Start importing Assets/sound effects/wind/Wind.prefab using Guid(c1f4711c93e2d39488f07a2b955cb5a6) Importer(815301076,1909f56bfc062723c751e8b465ee728b)  -> (artifact id: 'b28e0de1c1eb3dead98be48550a28312') in 0.161963 seconds 
========================================================================
Received Import Request.
  Time since last request: 0.000042 seconds.
  path: Assets/sound effects/wind/W401-15.png
  artifactKey: Guid(7de0fc6028c14a547b80c0107c664149) Importer(815301076,1909f56bfc062723c751e8b465ee728b)
Start importing Assets/sound effects/wind/W401-15.png using Guid(7de0fc6028c14a547b80c0107c664149) Importer(815301076,1909f56bfc062723c751e8b465ee728b)  -> (artifact id: '5385644641c1778693d31f0f66e4f3cb') in 0.038202 seconds 
========================================================================
Received Import Request.
  Time since last request: 0.000053 seconds.
  path: Assets/sound effects/wind/W401-16.png
  artifactKey: Guid(9f8707a13a36d32408ac91623e3212f9) Importer(815301076,1909f56bfc062723c751e8b465ee728b)
Start importing Assets/sound effects/wind/W401-16.png using Guid(9f8707a13a36d32408ac91623e3212f9) Importer(815301076,1909f56bfc062723c751e8b465ee728b)  -> (artifact id: '7c63cb27d829fdf92c0fae1c1b82596e') in 0.035799 seconds 
========================================================================
Received Import Request.
  Time since last request: 3.168241 seconds.
  path: Assets/sound effects/Sounds/swords
  artifactKey: Guid(8a946dae1ef84664b8f0ddb1cd93efa1) Importer(815301076,1909f56bfc062723c751e8b465ee728b)
Start importing Assets/sound effects/Sounds/swords using Guid(8a946dae1ef84664b8f0ddb1cd93efa1) Importer(815301076,1909f56bfc062723c751e8b465ee728b)  -> (artifact id: '8a1c6c140890a7289ff5787c6436d4cc') in 0.022259 seconds 
========================================================================
Received Import Request.
  Time since last request: 0.038632 seconds.
  path: Assets/sound effects/Sounds/swords/sword-1.mp3
  artifactKey: Guid(41190c470d951834f8bea3fc23d1a261) Importer(815301076,1909f56bfc062723c751e8b465ee728b)
Start importing Assets/sound effects/Sounds/swords/sword-1.mp3 using Guid(41190c470d951834f8bea3fc23d1a261) Importer(815301076,1909f56bfc062723c751e8b465ee728b)  -> (artifact id: 'a588fd17154ed090c36f5ac59baf36c1') in 0.028190 seconds 
========================================================================
Received Import Request.
  Time since last request: 0.000034 seconds.
  path: Assets/sound effects/Sounds/swords/sword-7.mp3
  artifactKey: Guid(c73ff724cd9b8f842bc705c6d64791be) Importer(815301076,1909f56bfc062723c751e8b465ee728b)
Start importing Assets/sound effects/Sounds/swords/sword-7.mp3 using Guid(c73ff724cd9b8f842bc705c6d64791be) Importer(815301076,1909f56bfc062723c751e8b465ee728b)  -> (artifact id: 'cb4ddb05073caea4050466e4f44ecb3d') in 0.031865 seconds 
========================================================================
Received Import Request.
  Time since last request: 0.000025 seconds.
  path: Assets/sound effects/Sounds/swords/sword-9.mp3
  artifactKey: Guid(64c4029d0ccbc674bb8f011870910662) Importer(815301076,1909f56bfc062723c751e8b465ee728b)
Start importing Assets/sound effects/Sounds/swords/sword-9.mp3 using Guid(64c4029d0ccbc674bb8f011870910662) Importer(815301076,1909f56bfc062723c751e8b465ee728b)  -> (artifact id: 'b80ea5be8d0ee41f1df909af76844f54') in 0.032383 seconds 
========================================================================
Received Import Request.
  Time since last request: 197.266955 seconds.
  path: Assets/sound effects/Sounds/Broken bottle sound effects (1).mp3
  artifactKey: Guid(90f1acf04ef25ad4cb054cdd526fdfd3) Importer(815301076,1909f56bfc062723c751e8b465ee728b)
Start importing Assets/sound effects/Sounds/Broken bottle sound effects (1).mp3 using Guid(90f1acf04ef25ad4cb054cdd526fdfd3) Importer(815301076,1909f56bfc062723c751e8b465ee728b)  -> (artifact id: '1e4d171b461e7ba2989e772e25423fd2') in 0.023695 seconds 
========================================================================
Received Import Request.
  Time since last request: 23.691161 seconds.
  path: Assets/sound effects/Sounds/Sound Effects - Keys Jingle.mp3
  artifactKey: Guid(f545813ec96b67b4992504776a6497f0) Importer(815301076,1909f56bfc062723c751e8b465ee728b)
Start importing Assets/sound effects/Sounds/Sound Effects - Keys Jingle.mp3 using Guid(f545813ec96b67b4992504776a6497f0) Importer(815301076,1909f56bfc062723c751e8b465ee728b)  -> (artifact id: 'd4084256538faa3501b01d52c85258c4') in 0.019859 seconds 
========================================================================
Received Import Request.
  Time since last request: 15.481012 seconds.
  path: Assets/sound effects/Sounds/Dead body hitting ground sound effect (1).mp3
  artifactKey: Guid(c8cdc978c5e547c4cb13bc70accc5c5d) Importer(815301076,1909f56bfc062723c751e8b465ee728b)
Start importing Assets/sound effects/Sounds/Dead body hitting ground sound effect (1).mp3 using Guid(c8cdc978c5e547c4cb13bc70accc5c5d) Importer(815301076,1909f56bfc062723c751e8b465ee728b)  -> (artifact id: 'e817c4d27948e26f7c3a56de30fad793') in 0.018069 seconds 
========================================================================
Received Prepare
Registering precompiled user dll's ...
Registered in 0.005141 seconds.
Begin MonoManager ReloadAssembly
Symbol file LoadedFromMemory doesn't match image C:\Users\abood\Documents\GitHub\Junior-Project\ProjMain\Library\PackageCache\com.unity.visualscripting@1.7.8\Editor\VisualScripting.Core\Dependencies\YamlDotNet\Unity.VisualScripting.YamlDotNet.dll
Symbol file LoadedFromMemory doesn't match image C:\Users\abood\Documents\GitHub\Junior-Project\ProjMain\Library\PackageCache\com.unity.visualscripting@1.7.8\Editor\VisualScripting.Core\Dependencies\DotNetZip\Unity.VisualScripting.IonicZip.dll
Native extension for WindowsStandalone target not found
Native extension for WebGL target not found
Refreshing native plugins compatible for Editor in 1.15 ms, found 4 plugins.
Preloading 0 native plugins for Editor in 0.00 ms.
Mono: successfully reloaded assembly
- Completed reload, in  1.030 seconds
Domain Reload Profiling:
	ReloadAssembly (1031ms)
		BeginReloadAssembly (149ms)
			ExecutionOrderSort (0ms)
			DisableScriptedObjects (8ms)
			BackupInstance (0ms)
			ReleaseScriptingObjects (0ms)
			CreateAndSetChildDomain (44ms)
		EndReloadAssembly (790ms)
			LoadAssemblies (102ms)
			RebuildTransferFunctionScriptingTraits (0ms)
			SetupTypeCache (245ms)
			ReleaseScriptCaches (2ms)
			RebuildScriptCaches (49ms)
			SetupLoadedEditorAssemblies (362ms)
				LogAssemblyErrors (0ms)
				InitializePlatformSupportModulesInManaged (12ms)
				SetLoadedEditorAssemblies (0ms)
				RefreshPlugins (1ms)
				BeforeProcessingInitializeOnLoad (69ms)
				ProcessInitializeOnLoadAttributes (234ms)
				ProcessInitializeOnLoadMethodAttributes (39ms)
				AfterProcessingInitializeOnLoad (5ms)
				EditorAssembliesLoaded (0ms)
			ExecutionOrderSort2 (0ms)
			AwakeInstancesAfterBackupRestoration (8ms)
Platform modules already initialized, skipping
Refreshing native plugins compatible for Editor in 2.76 ms, found 4 plugins.
Preloading 0 native plugins for Editor in 0.00 ms.
Unloading 4235 Unused Serialized files (Serialized files now loaded: 0)
Unloading 26 unused Assets / (95.4 KB). Loaded Objects now: 4747.
Memory consumption went from 163.2 MB to 163.1 MB.
Total: 4.422900 ms (FindLiveObjects: 0.484300 ms CreateObjectMapping: 0.226300 ms MarkObjects: 3.635300 ms  DeleteObjects: 0.075100 ms)

AssetImportParameters requested are different than current active one (requested -> active):
  custom:video-decoder-ogg-theora: a1e56fd34408186e4bbccfd4996cb3dc -> 
  custom:container-muxer-webm: aa71ff27fc2769a1b78a27578f13a17b -> 
  custom:container-demuxer-webm: 4f35f7cbe854078d1ac9338744f61a02 -> 
  custom:video-encoder-webm-vp8: eb34c28f22e8b96e1ab97ce403110664 -> 
  custom:video-codec-MediaFoundation-h265: 746d11721c4dcdbdad8f713fa42b33f4 -> 
  custom:audio-encoder-webm-vorbis: bf7c407c2cedff20999df2af8eb42d56 -> 
  custom:framework-win-MediaFoundation: 216162199b28c13a410421893ffa2e32 -> 
  custom:container-demuxer-ogg: 62fdf1f143b41e24485cea50d1cbac27 -> 
  custom:video-decoder-webm-vp8: 9c59270c3fd7afecdb556c50c9e8de78 -> 
  custom:audio-decoder-ogg-vorbis: bf7c407c2cedff20999df2af8eb42d56 -> 
========================================================================
Received Prepare
Registering precompiled user dll's ...
Registered in 0.008795 seconds.
Begin MonoManager ReloadAssembly
Symbol file LoadedFromMemory doesn't match image C:\Users\abood\Documents\GitHub\Junior-Project\ProjMain\Library\PackageCache\com.unity.visualscripting@1.7.8\Editor\VisualScripting.Core\Dependencies\YamlDotNet\Unity.VisualScripting.YamlDotNet.dll
Symbol file LoadedFromMemory doesn't match image C:\Users\abood\Documents\GitHub\Junior-Project\ProjMain\Library\PackageCache\com.unity.visualscripting@1.7.8\Editor\VisualScripting.Core\Dependencies\DotNetZip\Unity.VisualScripting.IonicZip.dll
Native extension for WindowsStandalone target not found
Native extension for WebGL target not found
Refreshing native plugins compatible for Editor in 1.16 ms, found 4 plugins.
Preloading 0 native plugins for Editor in 0.00 ms.
Mono: successfully reloaded assembly
- Completed reload, in  1.013 seconds
Domain Reload Profiling:
	ReloadAssembly (1014ms)
		BeginReloadAssembly (137ms)
			ExecutionOrderSort (0ms)
			DisableScriptedObjects (7ms)
			BackupInstance (0ms)
			ReleaseScriptingObjects (0ms)
			CreateAndSetChildDomain (42ms)
		EndReloadAssembly (781ms)
			LoadAssemblies (99ms)
			RebuildTransferFunctionScriptingTraits (0ms)
			SetupTypeCache (238ms)
			ReleaseScriptCaches (2ms)
			RebuildScriptCaches (51ms)
			SetupLoadedEditorAssemblies (354ms)
				LogAssemblyErrors (0ms)
				InitializePlatformSupportModulesInManaged (13ms)
				SetLoadedEditorAssemblies (0ms)
				RefreshPlugins (1ms)
				BeforeProcessingInitializeOnLoad (72ms)
				ProcessInitializeOnLoadAttributes (227ms)
				ProcessInitializeOnLoadMethodAttributes (36ms)
				AfterProcessingInitializeOnLoad (5ms)
				EditorAssembliesLoaded (0ms)
			ExecutionOrderSort2 (0ms)
			AwakeInstancesAfterBackupRestoration (8ms)
Platform modules already initialized, skipping
Refreshing native plugins compatible for Editor in 2.70 ms, found 4 plugins.
Preloading 0 native plugins for Editor in 0.00 ms.
Unloading 4235 Unused Serialized files (Serialized files now loaded: 0)
Unloading 26 unused Assets / (95.4 KB). Loaded Objects now: 4762.
Memory consumption went from 163.3 MB to 163.2 MB.
Total: 4.269100 ms (FindLiveObjects: 0.525500 ms CreateObjectMapping: 0.271700 ms MarkObjects: 3.391800 ms  DeleteObjects: 0.077800 ms)

AssetImportParameters requested are different than current active one (requested -> active):
  custom:video-decoder-ogg-theora: a1e56fd34408186e4bbccfd4996cb3dc -> 
  custom:container-muxer-webm: aa71ff27fc2769a1b78a27578f13a17b -> 
  custom:container-demuxer-webm: 4f35f7cbe854078d1ac9338744f61a02 -> 
  custom:video-encoder-webm-vp8: eb34c28f22e8b96e1ab97ce403110664 -> 
  custom:video-codec-MediaFoundation-h265: 746d11721c4dcdbdad8f713fa42b33f4 -> 
  custom:audio-encoder-webm-vorbis: bf7c407c2cedff20999df2af8eb42d56 -> 
  custom:framework-win-MediaFoundation: 216162199b28c13a410421893ffa2e32 -> 
  custom:container-demuxer-ogg: 62fdf1f143b41e24485cea50d1cbac27 -> 
  custom:video-decoder-webm-vp8: 9c59270c3fd7afecdb556c50c9e8de78 -> 
  custom:audio-decoder-ogg-vorbis: bf7c407c2cedff20999df2af8eb42d56 -> 
