Using pre-set license
Built from '2022.3/staging' branch; Version is '2022.3.6f1 (b9e6e7e9fa2d) revision 12183271'; Using compiler version '192829333'; Build Type 'Release'
OS: 'Windows 11  (10.0.22621) 64bit Core' Language: 'en' Physical Memory: 16215 MB
BatchMode: 1, IsHumanControllingUs: 0, StartBugReporterOnCrash: 0, Is64bit: 1, IsPro: 1

COMMAND LINE ARGUMENTS:
D:\Unity\2022.3.6f1\Editor\Unity.exe
-adb2
-batchMode
-noUpm
-name
AssetImportWorker0
-projectPath
D:/GitHub/Junior-Project/ProjMain
-logFile
Logs/AssetImportWorker0.log
-srvPort
52207
Successfully changed project path to: D:/GitHub/Junior-Project/ProjMain
D:/GitHub/Junior-Project/ProjMain
[UnityMemory] Configuration Parameters - Can be set up in boot.config
    "memorysetup-bucket-allocator-granularity=16"
    "memorysetup-bucket-allocator-bucket-count=8"
    "memorysetup-bucket-allocator-block-size=33554432"
    "memorysetup-bucket-allocator-block-count=8"
    "memorysetup-main-allocator-block-size=16777216"
    "memorysetup-thread-allocator-block-size=16777216"
    "memorysetup-gfx-main-allocator-block-size=16777216"
    "memorysetup-gfx-thread-allocator-block-size=16777216"
    "memorysetup-cache-allocator-block-size=4194304"
    "memorysetup-typetree-allocator-block-size=2097152"
    "memorysetup-profiler-bucket-allocator-granularity=16"
    "memorysetup-profiler-bucket-allocator-bucket-count=8"
    "memorysetup-profiler-bucket-allocator-block-size=33554432"
    "memorysetup-profiler-bucket-allocator-block-count=8"
    "memorysetup-profiler-allocator-block-size=16777216"
    "memorysetup-profiler-editor-allocator-block-size=1048576"
    "memorysetup-temp-allocator-size-main=16777216"
    "memorysetup-job-temp-allocator-block-size=2097152"
    "memorysetup-job-temp-allocator-block-size-background=1048576"
    "memorysetup-job-temp-allocator-reduction-small-platforms=262144"
    "memorysetup-allocator-temp-initial-block-size-main=262144"
    "memorysetup-allocator-temp-initial-block-size-worker=262144"
    "memorysetup-temp-allocator-size-background-worker=32768"
    "memorysetup-temp-allocator-size-job-worker=262144"
    "memorysetup-temp-allocator-size-preload-manager=33554432"
    "memorysetup-temp-allocator-size-nav-mesh-worker=65536"
    "memorysetup-temp-allocator-size-audio-worker=65536"
    "memorysetup-temp-allocator-size-cloud-worker=32768"
    "memorysetup-temp-allocator-size-gi-baking-worker=262144"
    "memorysetup-temp-allocator-size-gfx=262144"
Player connection [10160] Host "[IP] 172.20.22.126 [Port] 0 [Flags] 2 [Guid] 1462549951 [EditorId] 1462549951 [Version] 1048832 [Id] WindowsEditor(7,Ibrahim) [Debug] 1 [PackageName] WindowsEditor [ProjectName] Editor" joined multi-casting on [225.0.0.222:54997]...

Player connection [10160] Host "[IP] 172.20.22.126 [Port] 0 [Flags] 2 [Guid] 1462549951 [EditorId] 1462549951 [Version] 1048832 [Id] WindowsEditor(7,Ibrahim) [Debug] 1 [PackageName] WindowsEditor [ProjectName] Editor" joined alternative multi-casting on [225.0.0.222:34997]...

Refreshing native plugins compatible for Editor in 10.22 ms, found 4 plugins.
Preloading 0 native plugins for Editor in 0.00 ms.
Initialize engine version: 2022.3.6f1 (b9e6e7e9fa2d)
[Subsystems] Discovering subsystems at path D:/Unity/2022.3.6f1/Editor/Data/Resources/UnitySubsystems
[Subsystems] Discovering subsystems at path D:/GitHub/Junior-Project/ProjMain/Assets
GfxDevice: creating device client; threaded=0; jobified=0
Direct3D:
    Version:  Direct3D 11.0 [level 11.1]
    Renderer: NVIDIA GeForce GTX 1650 Ti (ID=0x1f95)
    Vendor:   NVIDIA
    VRAM:     3962 MB
    Driver:   27.21.14.5167
Initialize mono
Mono path[0] = 'D:/Unity/2022.3.6f1/Editor/Data/Managed'
Mono path[1] = 'D:/Unity/2022.3.6f1/Editor/Data/MonoBleedingEdge/lib/mono/unityjit-win32'
Mono config path = 'D:/Unity/2022.3.6f1/Editor/Data/MonoBleedingEdge/etc'
Using monoOptions --debugger-agent=transport=dt_socket,embedding=1,server=y,suspend=n,address=127.0.0.1:56956
Begin MonoManager ReloadAssembly
Registering precompiled unity dll's ...
Register platform support module: D:/Unity/2022.3.6f1/Editor/Data/PlaybackEngines/WindowsStandaloneSupport/UnityEditor.WindowsStandalone.Extensions.dll
Registered in 0.003501 seconds.
- Loaded All Assemblies, in  0.412 seconds
Native extension for WindowsStandalone target not found
Mono: successfully reloaded assembly
- Finished resetting the current domain, in  0.318 seconds
Domain Reload Profiling: 730ms
	BeginReloadAssembly (115ms)
		ExecutionOrderSort (0ms)
		DisableScriptedObjects (0ms)
		BackupInstance (0ms)
		ReleaseScriptingObjects (0ms)
		CreateAndSetChildDomain (1ms)
	RebuildCommonClasses (45ms)
	RebuildNativeTypeToScriptingClass (13ms)
	initialDomainReloadingComplete (63ms)
	LoadAllAssembliesAndSetupDomain (174ms)
		LoadAssemblies (114ms)
		RebuildTransferFunctionScriptingTraits (0ms)
		AnalyzeDomain (171ms)
			TypeCache.Refresh (170ms)
				TypeCache.ScanAssembly (153ms)
			ScanForSourceGeneratedMonoScriptInfo (0ms)
			ResolveRequiredComponents (1ms)
	FinalizeReload (319ms)
		ReleaseScriptCaches (0ms)
		RebuildScriptCaches (0ms)
		SetupLoadedEditorAssemblies (248ms)
			LogAssemblyErrors (0ms)
			InitializePlatformSupportModulesInManaged (9ms)
			SetLoadedEditorAssemblies (9ms)
			RefreshPlugins (0ms)
			BeforeProcessingInitializeOnLoad (3ms)
			ProcessInitializeOnLoadAttributes (172ms)
			ProcessInitializeOnLoadMethodAttributes (56ms)
			AfterProcessingInitializeOnLoad (0ms)
			EditorAssembliesLoaded (0ms)
		ExecutionOrderSort2 (0ms)
		AwakeInstancesAfterBackupRestoration (0ms)
========================================================================
Worker process is ready to serve import requests
Begin MonoManager ReloadAssembly
Symbol file LoadedFromMemory doesn't match image D:\GitHub\Junior-Project\ProjMain\Library\PackageCache\com.unity.visualscripting@1.8.0\Editor\VisualScripting.Core\Dependencies\YamlDotNet\Unity.VisualScripting.YamlDotNet.dll
Symbol file LoadedFromMemory doesn't match image D:\GitHub\Junior-Project\ProjMain\Library\PackageCache\com.unity.visualscripting@1.8.0\Editor\VisualScripting.Core\Dependencies\DotNetZip\Unity.VisualScripting.IonicZip.dll
- Loaded All Assemblies, in  0.891 seconds
Refreshing native plugins compatible for Editor in 4.71 ms, found 4 plugins.
Native extension for WindowsStandalone target not found
Mono: successfully reloaded assembly
- Finished resetting the current domain, in  0.756 seconds
Domain Reload Profiling: 1647ms
	BeginReloadAssembly (166ms)
		ExecutionOrderSort (0ms)
		DisableScriptedObjects (9ms)
		BackupInstance (0ms)
		ReleaseScriptingObjects (0ms)
		CreateAndSetChildDomain (23ms)
	RebuildCommonClasses (43ms)
	RebuildNativeTypeToScriptingClass (13ms)
	initialDomainReloadingComplete (49ms)
	LoadAllAssembliesAndSetupDomain (619ms)
		LoadAssemblies (307ms)
		RebuildTransferFunctionScriptingTraits (0ms)
		AnalyzeDomain (396ms)
			TypeCache.Refresh (360ms)
				TypeCache.ScanAssembly (344ms)
			ScanForSourceGeneratedMonoScriptInfo (29ms)
			ResolveRequiredComponents (7ms)
	FinalizeReload (757ms)
		ReleaseScriptCaches (0ms)
		RebuildScriptCaches (0ms)
		SetupLoadedEditorAssemblies (552ms)
			LogAssemblyErrors (0ms)
			InitializePlatformSupportModulesInManaged (5ms)
			SetLoadedEditorAssemblies (5ms)
			RefreshPlugins (0ms)
			BeforeProcessingInitializeOnLoad (82ms)
			ProcessInitializeOnLoadAttributes (408ms)
			ProcessInitializeOnLoadMethodAttributes (49ms)
			AfterProcessingInitializeOnLoad (2ms)
			EditorAssembliesLoaded (0ms)
		ExecutionOrderSort2 (0ms)
		AwakeInstancesAfterBackupRestoration (7ms)
Launched and connected shader compiler UnityShaderCompiler.exe after 0.05 seconds
Refreshing native plugins compatible for Editor in 4.57 ms, found 4 plugins.
Preloading 0 native plugins for Editor in 0.00 ms.
Unloading 4243 Unused Serialized files (Serialized files now loaded: 0)
Unloading 76 unused Assets / (134.9 KB). Loaded Objects now: 4706.
Memory consumption went from 148.8 MB to 148.7 MB.
Total: 4.665800 ms (FindLiveObjects: 0.528200 ms CreateObjectMapping: 0.532800 ms MarkObjects: 3.376400 ms  DeleteObjects: 0.227200 ms)

AssetImportParameters requested are different than current active one (requested -> active):
  custom:container-demuxer-ogg: 62fdf1f143b41e24485cea50d1cbac27 -> 
  custom:video-decoder-ogg-theora: a1e56fd34408186e4bbccfd4996cb3dc -> 
  custom:framework-win-MediaFoundation: 216162199b28c13a410421893ffa2e32 -> 
  custom:container-demuxer-webm: 4f35f7cbe854078d1ac9338744f61a02 -> 
  custom:container-muxer-webm: aa71ff27fc2769a1b78a27578f13a17b -> 
  custom:video-decoder-webm-vp8: 9c59270c3fd7afecdb556c50c9e8de78 -> 
  custom:AudioImporter_EditorPlatform: d09bf68614088b80899f8185d706f6e7 -> 
  custom:video-encoder-webm-vp8: eb34c28f22e8b96e1ab97ce403110664 -> 
  custom:audio-decoder-ogg-vorbis: bf7c407c2cedff20999df2af8eb42d56 -> 
  custom:audio-encoder-webm-vorbis: bf7c407c2cedff20999df2af8eb42d56 -> 
========================================================================
Received Import Request.
  Time since last request: 8329.218573 seconds.
  path: Assets/2 Objects
  artifactKey: Guid(b852c72d81ebd0a4ab48e6d87099834e) Importer(815301076,1909f56bfc062723c751e8b465ee728b)
Start importing Assets/2 Objects using Guid(b852c72d81ebd0a4ab48e6d87099834e) Importer(815301076,1909f56bfc062723c751e8b465ee728b)  -> (artifact id: '9771229d195f4e72fb31fdd94bed45cb') in 0.002097 seconds
Number of updated asset objects reloaded before import = 0
Number of asset objects unloaded after import = 0
========================================================================
Received Import Request.
  Time since last request: 0.062575 seconds.
  path: Assets/2 Objects/Bag.png
  artifactKey: Guid(ff81cbe3ab01e744785a4ad3557dfbef) Importer(815301076,1909f56bfc062723c751e8b465ee728b)
Start importing Assets/2 Objects/Bag.png using Guid(ff81cbe3ab01e744785a4ad3557dfbef) Importer(815301076,1909f56bfc062723c751e8b465ee728b)  -> (artifact id: '0126b58415b9abbe3df1d563eb8c458f') in 0.081043 seconds
Number of updated asset objects reloaded before import = 0
Number of asset objects unloaded after import = 3
========================================================================
Received Import Request.
  Time since last request: 0.000018 seconds.
  path: Assets/2 Objects/Bellflower1.png
  artifactKey: Guid(4c7906a109bf67c4fbca0cd59be0234c) Importer(815301076,1909f56bfc062723c751e8b465ee728b)
Start importing Assets/2 Objects/Bellflower1.png using Guid(4c7906a109bf67c4fbca0cd59be0234c) Importer(815301076,1909f56bfc062723c751e8b465ee728b)  -> (artifact id: '30719468c509fc26bfccbc174b0355b9') in 0.017145 seconds
Number of updated asset objects reloaded before import = 0
Number of asset objects unloaded after import = 3
========================================================================
Received Import Request.
  Time since last request: 0.020693 seconds.
  path: Assets/2 Objects/Cabbage1.png
  artifactKey: Guid(4c5ea449f74b57d4693546c42e27abb7) Importer(815301076,1909f56bfc062723c751e8b465ee728b)
Start importing Assets/2 Objects/Cabbage1.png using Guid(4c5ea449f74b57d4693546c42e27abb7) Importer(815301076,1909f56bfc062723c751e8b465ee728b)  -> (artifact id: '2f8900ee94d7db9a33fcc571dada5eb1') in 0.015289 seconds
Number of updated asset objects reloaded before import = 0
Number of asset objects unloaded after import = 3
========================================================================
Received Import Request.
  Time since last request: 0.014488 seconds.
  path: Assets/2 Objects/Cabbage2.png
  artifactKey: Guid(96a154bea9f7e96449e70316f264320a) Importer(815301076,1909f56bfc062723c751e8b465ee728b)
Start importing Assets/2 Objects/Cabbage2.png using Guid(96a154bea9f7e96449e70316f264320a) Importer(815301076,1909f56bfc062723c751e8b465ee728b)  -> (artifact id: '0d7e8f99c77948b56b3c895b4a00e7c5') in 0.013806 seconds
Number of updated asset objects reloaded before import = 0
Number of asset objects unloaded after import = 3
========================================================================
Received Import Request.
  Time since last request: 0.021769 seconds.
  path: Assets/2 Objects/Carrot1.png
  artifactKey: Guid(733d4ec8e554ac146b98e8ca2d0ce6e6) Importer(815301076,1909f56bfc062723c751e8b465ee728b)
Start importing Assets/2 Objects/Carrot1.png using Guid(733d4ec8e554ac146b98e8ca2d0ce6e6) Importer(815301076,1909f56bfc062723c751e8b465ee728b)  -> (artifact id: 'bb60535345c64a7efd7fba1455903154') in 0.014800 seconds
Number of updated asset objects reloaded before import = 0
Number of asset objects unloaded after import = 3
========================================================================
Received Import Request.
  Time since last request: 0.006953 seconds.
  path: Assets/2 Objects/Carrot2.png
  artifactKey: Guid(60039756d971a8f48924f68c5bc4b30e) Importer(815301076,1909f56bfc062723c751e8b465ee728b)
Start importing Assets/2 Objects/Carrot2.png using Guid(60039756d971a8f48924f68c5bc4b30e) Importer(815301076,1909f56bfc062723c751e8b465ee728b)  -> (artifact id: 'bd74b19fd39dca93c9217fff00472e4f') in 0.013887 seconds
Number of updated asset objects reloaded before import = 0
Number of asset objects unloaded after import = 3
========================================================================
Received Import Request.
  Time since last request: 0.011144 seconds.
  path: Assets/2 Objects/Cart.png
  artifactKey: Guid(626d18274a8c58f4ab40c0edc3088f5c) Importer(815301076,1909f56bfc062723c751e8b465ee728b)
Start importing Assets/2 Objects/Cart.png using Guid(626d18274a8c58f4ab40c0edc3088f5c) Importer(815301076,1909f56bfc062723c751e8b465ee728b)  -> (artifact id: '4be726791b17b67f308eeae055070f3d') in 0.014866 seconds
Number of updated asset objects reloaded before import = 0
Number of asset objects unloaded after import = 3
========================================================================
Received Import Request.
  Time since last request: 0.006533 seconds.
  path: Assets/2 Objects/Cloudflower1.png
  artifactKey: Guid(132c4ad0715ae2b48aa4fadae5fa6617) Importer(815301076,1909f56bfc062723c751e8b465ee728b)
Start importing Assets/2 Objects/Cloudflower1.png using Guid(132c4ad0715ae2b48aa4fadae5fa6617) Importer(815301076,1909f56bfc062723c751e8b465ee728b)  -> (artifact id: '25bb8b84829deba1b41581f051e945d4') in 0.043073 seconds
Number of updated asset objects reloaded before import = 0
Number of asset objects unloaded after import = 3
========================================================================
Received Import Request.
  Time since last request: 0.003556 seconds.
  path: Assets/2 Objects/Fence1.png
  artifactKey: Guid(99d4088e0dd942c4285ed81242069170) Importer(815301076,1909f56bfc062723c751e8b465ee728b)
Start importing Assets/2 Objects/Fence1.png using Guid(99d4088e0dd942c4285ed81242069170) Importer(815301076,1909f56bfc062723c751e8b465ee728b)  -> (artifact id: 'e8b13dec4734b24adb20d4b98f2c2fc0') in 0.013893 seconds
Number of updated asset objects reloaded before import = 0
Number of asset objects unloaded after import = 3
========================================================================
Received Import Request.
  Time since last request: 0.007513 seconds.
  path: Assets/2 Objects/Fence2.png
  artifactKey: Guid(77f7375f41a2b1d4c87f3d3fcff485aa) Importer(815301076,1909f56bfc062723c751e8b465ee728b)
Start importing Assets/2 Objects/Fence2.png using Guid(77f7375f41a2b1d4c87f3d3fcff485aa) Importer(815301076,1909f56bfc062723c751e8b465ee728b)  -> (artifact id: 'cdbdca249d6a4595427500db14dd1ff1') in 0.015196 seconds
Number of updated asset objects reloaded before import = 0
Number of asset objects unloaded after import = 3
========================================================================
Received Import Request.
  Time since last request: 0.004476 seconds.
  path: Assets/2 Objects/Fireflower1.png
  artifactKey: Guid(5261054d918af154bbccfdc5c3f37ddf) Importer(815301076,1909f56bfc062723c751e8b465ee728b)
Start importing Assets/2 Objects/Fireflower1.png using Guid(5261054d918af154bbccfdc5c3f37ddf) Importer(815301076,1909f56bfc062723c751e8b465ee728b)  -> (artifact id: 'dda6437bb7ccd44391347711f4f700b8') in 0.018996 seconds
Number of updated asset objects reloaded before import = 0
Number of asset objects unloaded after import = 3
========================================================================
Received Import Request.
  Time since last request: 0.001646 seconds.
  path: Assets/2 Objects/Fireflower2.png
  artifactKey: Guid(09c8fa5ebb2e1514c8e9b8025e11afd1) Importer(815301076,1909f56bfc062723c751e8b465ee728b)
Start importing Assets/2 Objects/Fireflower2.png using Guid(09c8fa5ebb2e1514c8e9b8025e11afd1) Importer(815301076,1909f56bfc062723c751e8b465ee728b)  -> (artifact id: '689eb8794299a056c9c321bf6dd92080') in 0.017006 seconds
Number of updated asset objects reloaded before import = 0
Number of asset objects unloaded after import = 3
========================================================================
Received Import Request.
  Time since last request: 0.023333 seconds.
  path: Assets/2 Objects/Gardenbed2.png
  artifactKey: Guid(c9291c27a8444c1499fbb149ec32610f) Importer(815301076,1909f56bfc062723c751e8b465ee728b)
Start importing Assets/2 Objects/Gardenbed2.png using Guid(c9291c27a8444c1499fbb149ec32610f) Importer(815301076,1909f56bfc062723c751e8b465ee728b)  -> (artifact id: 'b1ed06953c7b6ab2c73f42433dbed940') in 0.016094 seconds
Number of updated asset objects reloaded before import = 0
Number of asset objects unloaded after import = 3
========================================================================
Received Import Request.
  Time since last request: 0.007254 seconds.
  path: Assets/2 Objects/Gardenbed3.asset
  artifactKey: Guid(b274445a1d69b0143a7ccb6f8cc71974) Importer(815301076,1909f56bfc062723c751e8b465ee728b)
Start importing Assets/2 Objects/Gardenbed3.asset using Guid(b274445a1d69b0143a7ccb6f8cc71974) Importer(815301076,1909f56bfc062723c751e8b465ee728b)  -> (artifact id: 'fd84bbfa35f4e535a1dc8767291cd1cd') in 0.075342 seconds
Number of updated asset objects reloaded before import = 0
Number of asset objects unloaded after import = 3
========================================================================
Received Import Request.
  Time since last request: 9.935410 seconds.
  path: Assets/craftpix/Traps/2 Small animal trap
  artifactKey: Guid(b52e19c0f62188442837c47b2899f570) Importer(815301076,1909f56bfc062723c751e8b465ee728b)
Start importing Assets/craftpix/Traps/2 Small animal trap using Guid(b52e19c0f62188442837c47b2899f570) Importer(815301076,1909f56bfc062723c751e8b465ee728b)  -> (artifact id: '31724279ceba57b8c85e5c3f9ee9b367') in 0.000487 seconds
Number of updated asset objects reloaded before import = 0
Number of asset objects unloaded after import = 0
========================================================================
Received Import Request.
  Time since last request: 0.059279 seconds.
  path: Assets/craftpix/Traps/2 Small animal trap/2.png
  artifactKey: Guid(82c4b13e60176244fb4843b7f718da64) Importer(815301076,1909f56bfc062723c751e8b465ee728b)
Start importing Assets/craftpix/Traps/2 Small animal trap/2.png using Guid(82c4b13e60176244fb4843b7f718da64) Importer(815301076,1909f56bfc062723c751e8b465ee728b)  -> (artifact id: '8ba40a9254df8e8344880defe5cb86b4') in 0.030095 seconds
Number of updated asset objects reloaded before import = 0
Number of asset objects unloaded after import = 3
========================================================================
Received Import Request.
  Time since last request: 1.680184 seconds.
  path: Assets/craftpix/Traps/3 Little trap
  artifactKey: Guid(23e6983c2f6d5ae49b256ce53356273a) Importer(815301076,1909f56bfc062723c751e8b465ee728b)
Start importing Assets/craftpix/Traps/3 Little trap using Guid(23e6983c2f6d5ae49b256ce53356273a) Importer(815301076,1909f56bfc062723c751e8b465ee728b)  -> (artifact id: '0e93eb439711735ff96b504a81a3f0f9') in 0.000453 seconds
Number of updated asset objects reloaded before import = 0
Number of asset objects unloaded after import = 0
========================================================================
Received Import Request.
  Time since last request: 0.063737 seconds.
  path: Assets/craftpix/Traps/3 Little trap/3.png
  artifactKey: Guid(44820ab4e92f578428f062b26964d862) Importer(815301076,1909f56bfc062723c751e8b465ee728b)
Start importing Assets/craftpix/Traps/3 Little trap/3.png using Guid(44820ab4e92f578428f062b26964d862) Importer(815301076,1909f56bfc062723c751e8b465ee728b)  -> (artifact id: '814f5691c4ace495e4a636c75c69c9fc') in 0.028732 seconds
Number of updated asset objects reloaded before import = 0
Number of asset objects unloaded after import = 3
========================================================================
Received Import Request.
  Time since last request: 4.383569 seconds.
  path: Assets/craftpix/Traps/5 Spikes
  artifactKey: Guid(2b4a6695a7bc16142993f1a518700f4d) Importer(815301076,1909f56bfc062723c751e8b465ee728b)
Start importing Assets/craftpix/Traps/5 Spikes using Guid(2b4a6695a7bc16142993f1a518700f4d) Importer(815301076,1909f56bfc062723c751e8b465ee728b)  -> (artifact id: 'd22d551f11fd5275c3421740a9c43a05') in 0.000429 seconds
Number of updated asset objects reloaded before import = 0
Number of asset objects unloaded after import = 0
========================================================================
Received Import Request.
  Time since last request: 0.085392 seconds.
  path: Assets/craftpix/Traps/5 Spikes/5.png
  artifactKey: Guid(8fe249573acb76a44877c5ee23176268) Importer(815301076,1909f56bfc062723c751e8b465ee728b)
Start importing Assets/craftpix/Traps/5 Spikes/5.png using Guid(8fe249573acb76a44877c5ee23176268) Importer(815301076,1909f56bfc062723c751e8b465ee728b)  -> (artifact id: '9058af87d206c82ff58b7ea44e6b221d') in 0.014369 seconds
Number of updated asset objects reloaded before import = 0
Number of asset objects unloaded after import = 2
========================================================================
Received Import Request.
  Time since last request: 1.349358 seconds.
  path: Assets/craftpix/Traps/6 Ax pendulum
  artifactKey: Guid(b28779d386583fa4288cb539841be8eb) Importer(815301076,1909f56bfc062723c751e8b465ee728b)
Start importing Assets/craftpix/Traps/6 Ax pendulum using Guid(b28779d386583fa4288cb539841be8eb) Importer(815301076,1909f56bfc062723c751e8b465ee728b)  -> (artifact id: 'f56571a481421be55fdbccae15ca1d2a') in 0.000514 seconds
Number of updated asset objects reloaded before import = 0
Number of asset objects unloaded after import = 0
========================================================================
Received Import Request.
  Time since last request: 0.062939 seconds.
  path: Assets/craftpix/Traps/6 Ax pendulum/6.png
  artifactKey: Guid(4871bc827a8dfa346b8a18bcc84ced31) Importer(815301076,1909f56bfc062723c751e8b465ee728b)
Start importing Assets/craftpix/Traps/6 Ax pendulum/6.png using Guid(4871bc827a8dfa346b8a18bcc84ced31) Importer(815301076,1909f56bfc062723c751e8b465ee728b)  -> (artifact id: 'e9a4d6eb6212931e9cccda424182eb65') in 0.028776 seconds
Number of updated asset objects reloaded before import = 0
Number of asset objects unloaded after import = 8
========================================================================
Received Prepare
Refreshing native plugins compatible for Editor in 119.33 ms, found 4 plugins.
Preloading 0 native plugins for Editor in 0.00 ms.
Unloading 1 Unused Serialized files (Serialized files now loaded: 0)
Unloading 2 unused Assets / (74.2 KB). Loaded Objects now: 4754.
Memory consumption went from 82.3 MB to 82.2 MB.
Total: 5.552000 ms (FindLiveObjects: 0.571300 ms CreateObjectMapping: 0.598500 ms MarkObjects: 4.331100 ms  DeleteObjects: 0.049500 ms)

Prepare: number of updated asset objects reloaded= 0
AssetImportParameters requested are different than current active one (requested -> active):
  custom:container-demuxer-ogg: 62fdf1f143b41e24485cea50d1cbac27 -> 
  custom:video-decoder-ogg-theora: a1e56fd34408186e4bbccfd4996cb3dc -> 
  custom:framework-win-MediaFoundation: 216162199b28c13a410421893ffa2e32 -> 
  custom:CustomObjectIndexerAttribute: 756ad292c208cfabdd7b50bc23989ffe -> 
  custom:container-demuxer-webm: 4f35f7cbe854078d1ac9338744f61a02 -> 
  custom:container-muxer-webm: aa71ff27fc2769a1b78a27578f13a17b -> 
  custom:video-decoder-webm-vp8: 9c59270c3fd7afecdb556c50c9e8de78 -> 
  custom:SearchIndexIgnoredProperties: e643bd26f0fe6173181afceb89e7c659 -> 
  custom:AudioImporter_EditorPlatform: d09bf68614088b80899f8185d706f6e7 -> 
  custom:video-encoder-webm-vp8: eb34c28f22e8b96e1ab97ce403110664 -> 
  custom:audio-decoder-ogg-vorbis: bf7c407c2cedff20999df2af8eb42d56 -> 
  custom:audio-encoder-webm-vorbis: bf7c407c2cedff20999df2af8eb42d56 -> 
========================================================================
Received Import Request.
  Time since last request: 819.791504 seconds.
  path: Assets/MinimapRender.renderTexture
  artifactKey: Guid(687a4d72d07273c45886ff4e806f50f7) Importer(815301076,1909f56bfc062723c751e8b465ee728b)
Start importing Assets/MinimapRender.renderTexture using Guid(687a4d72d07273c45886ff4e806f50f7) Importer(815301076,1909f56bfc062723c751e8b465ee728b)  -> (artifact id: '0fd81d546acefb1ff3c21ce1c99ed99f') in 0.017540 seconds
Number of updated asset objects reloaded before import = 0
Number of asset objects unloaded after import = 2
========================================================================
Received Import Request.
  Time since last request: 12.792624 seconds.
  path: Assets/Scenes
  artifactKey: Guid(131a6b21c8605f84396be9f6751fb6e3) Importer(815301076,1909f56bfc062723c751e8b465ee728b)
Start importing Assets/Scenes using Guid(131a6b21c8605f84396be9f6751fb6e3) Importer(815301076,1909f56bfc062723c751e8b465ee728b)  -> (artifact id: 'dc9a272d8d77fb16c61ff0f40035c077') in 0.000567 seconds
Number of updated asset objects reloaded before import = 0
Number of asset objects unloaded after import = 0
========================================================================
Received Import Request.
  Time since last request: 1.686513 seconds.
  path: Assets/Scenes/Level2_1.unity
  artifactKey: Guid(7c2336d4afdbab34b928f04b8d745d0e) Importer(815301076,1909f56bfc062723c751e8b465ee728b)
Start importing Assets/Scenes/Level2_1.unity using Guid(7c2336d4afdbab34b928f04b8d745d0e) Importer(815301076,1909f56bfc062723c751e8b465ee728b)  -> (artifact id: 'c0f402981d8da78a07f56029d0aa8e18') in 0.000432 seconds
Number of updated asset objects reloaded before import = 0
Number of asset objects unloaded after import = 0
========================================================================
Received Import Request.
  Time since last request: 82.311873 seconds.
  path: Assets/MinimapCam.prefab
  artifactKey: Guid(a368cb1367957bf4bab8d85d562454bb) Importer(815301076,1909f56bfc062723c751e8b465ee728b)
Start importing Assets/MinimapCam.prefab using Guid(a368cb1367957bf4bab8d85d562454bb) Importer(815301076,1909f56bfc062723c751e8b465ee728b)  -> (artifact id: 'd80cbdd77db480063e4881b1eec6c6f7') in 0.007418 seconds
Number of updated asset objects reloaded before import = 0
Number of asset objects unloaded after import = 7
========================================================================
Received Import Request.
  Time since last request: 10.376820 seconds.
  path: Assets/Scenes/Level 0_12.unity
  artifactKey: Guid(b8a77afdaf313c044b7eaf53b4ee0f21) Importer(815301076,1909f56bfc062723c751e8b465ee728b)
Start importing Assets/Scenes/Level 0_12.unity using Guid(b8a77afdaf313c044b7eaf53b4ee0f21) Importer(815301076,1909f56bfc062723c751e8b465ee728b)  -> (artifact id: 'e284ae873ff2891825ee1f9c1b53ed93') in 0.000440 seconds
Number of updated asset objects reloaded before import = 0
Number of asset objects unloaded after import = 0
========================================================================
Received Prepare
Begin MonoManager ReloadAssembly
Symbol file LoadedFromMemory doesn't match image D:\GitHub\Junior-Project\ProjMain\Library\PackageCache\com.unity.visualscripting@1.8.0\Editor\VisualScripting.Core\Dependencies\YamlDotNet\Unity.VisualScripting.YamlDotNet.dll
Symbol file LoadedFromMemory doesn't match image D:\GitHub\Junior-Project\ProjMain\Library\PackageCache\com.unity.visualscripting@1.8.0\Editor\VisualScripting.Core\Dependencies\DotNetZip\Unity.VisualScripting.IonicZip.dll
- Loaded All Assemblies, in  3.328 seconds
Refreshing native plugins compatible for Editor in 4.03 ms, found 4 plugins.
Native extension for WindowsStandalone target not found
Mono: successfully reloaded assembly
- Finished resetting the current domain, in 10.164 seconds
Domain Reload Profiling: 13491ms
	BeginReloadAssembly (192ms)
		ExecutionOrderSort (0ms)
		DisableScriptedObjects (16ms)
		BackupInstance (0ms)
		ReleaseScriptingObjects (0ms)
		CreateAndSetChildDomain (40ms)
	RebuildCommonClasses (123ms)
	RebuildNativeTypeToScriptingClass (12ms)
	initialDomainReloadingComplete (38ms)
	LoadAllAssembliesAndSetupDomain (2961ms)
		LoadAssemblies (2162ms)
		RebuildTransferFunctionScriptingTraits (0ms)
		AnalyzeDomain (903ms)
			TypeCache.Refresh (893ms)
				TypeCache.ScanAssembly (816ms)
			ScanForSourceGeneratedMonoScriptInfo (0ms)
			ResolveRequiredComponents (9ms)
	FinalizeReload (10164ms)
		ReleaseScriptCaches (0ms)
		RebuildScriptCaches (0ms)
		SetupLoadedEditorAssemblies (370ms)
			LogAssemblyErrors (0ms)
			InitializePlatformSupportModulesInManaged (4ms)
			SetLoadedEditorAssemblies (5ms)
			RefreshPlugins (0ms)
			BeforeProcessingInitializeOnLoad (68ms)
			ProcessInitializeOnLoadAttributes (255ms)
			ProcessInitializeOnLoadMethodAttributes (35ms)
			AfterProcessingInitializeOnLoad (2ms)
			EditorAssembliesLoaded (0ms)
		ExecutionOrderSort2 (0ms)
		AwakeInstancesAfterBackupRestoration (12ms)
Refreshing native plugins compatible for Editor in 3.76 ms, found 4 plugins.
Preloading 0 native plugins for Editor in 0.00 ms.
Unloading 4217 Unused Serialized files (Serialized files now loaded: 0)
Unloading 36 unused Assets / (106.1 KB). Loaded Objects now: 4771.
Memory consumption went from 147.0 MB to 146.9 MB.
Total: 4.049800 ms (FindLiveObjects: 0.392900 ms CreateObjectMapping: 0.387900 ms MarkObjects: 3.189000 ms  DeleteObjects: 0.078500 ms)

Prepare: number of updated asset objects reloaded= 0
AssetImportParameters requested are different than current active one (requested -> active):
  custom:container-demuxer-ogg: 62fdf1f143b41e24485cea50d1cbac27 -> 
  custom:video-decoder-ogg-theora: a1e56fd34408186e4bbccfd4996cb3dc -> 
  custom:framework-win-MediaFoundation: 216162199b28c13a410421893ffa2e32 -> 
  custom:CustomObjectIndexerAttribute: 756ad292c208cfabdd7b50bc23989ffe -> 
  custom:container-demuxer-webm: 4f35f7cbe854078d1ac9338744f61a02 -> 
  custom:container-muxer-webm: aa71ff27fc2769a1b78a27578f13a17b -> 
  custom:video-decoder-webm-vp8: 9c59270c3fd7afecdb556c50c9e8de78 -> 
  custom:SearchIndexIgnoredProperties: e643bd26f0fe6173181afceb89e7c659 -> 
  custom:AudioImporter_EditorPlatform: d09bf68614088b80899f8185d706f6e7 -> 
  custom:video-encoder-webm-vp8: eb34c28f22e8b96e1ab97ce403110664 -> 
  custom:audio-decoder-ogg-vorbis: bf7c407c2cedff20999df2af8eb42d56 -> 
  custom:audio-encoder-webm-vorbis: bf7c407c2cedff20999df2af8eb42d56 -> 
========================================================================
Received Import Request.
  Time since last request: 49.200917 seconds.
  path: Assets/Scenes/Level2_1.unity
  artifactKey: Guid(7c2336d4afdbab34b928f04b8d745d0e) Importer(815301076,1909f56bfc062723c751e8b465ee728b)
Start importing Assets/Scenes/Level2_1.unity using Guid(7c2336d4afdbab34b928f04b8d745d0e) Importer(815301076,1909f56bfc062723c751e8b465ee728b)  -> (artifact id: '817bf1868451ecaf15999a33cf8cec65') in 0.002123 seconds
Number of updated asset objects reloaded before import = 0
Number of asset objects unloaded after import = 0
========================================================================
Received Import Request.
  Time since last request: 8.040525 seconds.
  path: Assets/CanvasMinimap.prefab
  artifactKey: Guid(5577334352c473d449d8dfcbcbbb1925) Importer(815301076,1909f56bfc062723c751e8b465ee728b)
Start importing Assets/CanvasMinimap.prefab using Guid(5577334352c473d449d8dfcbcbbb1925) Importer(815301076,1909f56bfc062723c751e8b465ee728b)  -> (artifact id: 'd2d4c07dcbee3d753315958b0f2a4dad') in 0.026013 seconds
Number of updated asset objects reloaded before import = 0
Number of asset objects unloaded after import = 12
========================================================================
Received Import Request.
  Time since last request: 8.200767 seconds.
  path: Assets/Scenes/Barn1.unity
  artifactKey: Guid(ca1b2d34664884d479878299dfe471d8) Importer(815301076,1909f56bfc062723c751e8b465ee728b)
Start importing Assets/Scenes/Barn1.unity using Guid(ca1b2d34664884d479878299dfe471d8) Importer(815301076,1909f56bfc062723c751e8b465ee728b)  -> (artifact id: 'b44c5d7ad7f1e5e59851fb5fa6748646') in 0.000518 seconds
Number of updated asset objects reloaded before import = 0
Number of asset objects unloaded after import = 0
========================================================================
Received Import Request.
  Time since last request: 1.643663 seconds.
  path: Assets/Scenes/Level 0_12.unity
  artifactKey: Guid(b8a77afdaf313c044b7eaf53b4ee0f21) Importer(815301076,1909f56bfc062723c751e8b465ee728b)
Start importing Assets/Scenes/Level 0_12.unity using Guid(b8a77afdaf313c044b7eaf53b4ee0f21) Importer(815301076,1909f56bfc062723c751e8b465ee728b)  -> (artifact id: '41537eca50b2b62951ea8b322b85b3b6') in 0.000578 seconds
Number of updated asset objects reloaded before import = 0
Number of asset objects unloaded after import = 0
========================================================================
Received Prepare
Begin MonoManager ReloadAssembly
Symbol file LoadedFromMemory doesn't match image D:\GitHub\Junior-Project\ProjMain\Library\PackageCache\com.unity.visualscripting@1.8.0\Editor\VisualScripting.Core\Dependencies\YamlDotNet\Unity.VisualScripting.YamlDotNet.dll
Symbol file LoadedFromMemory doesn't match image D:\GitHub\Junior-Project\ProjMain\Library\PackageCache\com.unity.visualscripting@1.8.0\Editor\VisualScripting.Core\Dependencies\DotNetZip\Unity.VisualScripting.IonicZip.dll
- Loaded All Assemblies, in  0.749 seconds
Refreshing native plugins compatible for Editor in 3.08 ms, found 4 plugins.
Native extension for WindowsStandalone target not found
Mono: successfully reloaded assembly
- Finished resetting the current domain, in  0.928 seconds
Domain Reload Profiling: 1677ms
	BeginReloadAssembly (163ms)
		ExecutionOrderSort (0ms)
		DisableScriptedObjects (17ms)
		BackupInstance (0ms)
		ReleaseScriptingObjects (0ms)
		CreateAndSetChildDomain (43ms)
	RebuildCommonClasses (32ms)
	RebuildNativeTypeToScriptingClass (11ms)
	initialDomainReloadingComplete (26ms)
	LoadAllAssembliesAndSetupDomain (517ms)
		LoadAssemblies (252ms)
		RebuildTransferFunctionScriptingTraits (0ms)
		AnalyzeDomain (333ms)
			TypeCache.Refresh (327ms)
				TypeCache.ScanAssembly (314ms)
			ScanForSourceGeneratedMonoScriptInfo (0ms)
			ResolveRequiredComponents (6ms)
	FinalizeReload (929ms)
		ReleaseScriptCaches (0ms)
		RebuildScriptCaches (0ms)
		SetupLoadedEditorAssemblies (410ms)
			LogAssemblyErrors (0ms)
			InitializePlatformSupportModulesInManaged (4ms)
			SetLoadedEditorAssemblies (5ms)
			RefreshPlugins (0ms)
			BeforeProcessingInitializeOnLoad (77ms)
			ProcessInitializeOnLoadAttributes (290ms)
			ProcessInitializeOnLoadMethodAttributes (33ms)
			AfterProcessingInitializeOnLoad (2ms)
			EditorAssembliesLoaded (0ms)
		ExecutionOrderSort2 (0ms)
		AwakeInstancesAfterBackupRestoration (13ms)
Refreshing native plugins compatible for Editor in 4.24 ms, found 4 plugins.
Preloading 0 native plugins for Editor in 0.00 ms.
Unloading 4217 Unused Serialized files (Serialized files now loaded: 0)
Unloading 36 unused Assets / (106.1 KB). Loaded Objects now: 4787.
Memory consumption went from 147.0 MB to 146.9 MB.
Total: 3.660300 ms (FindLiveObjects: 0.319400 ms CreateObjectMapping: 0.353500 ms MarkObjects: 2.899100 ms  DeleteObjects: 0.087400 ms)

Prepare: number of updated asset objects reloaded= 0
AssetImportParameters requested are different than current active one (requested -> active):
  custom:container-demuxer-ogg: 62fdf1f143b41e24485cea50d1cbac27 -> 
  custom:video-decoder-ogg-theora: a1e56fd34408186e4bbccfd4996cb3dc -> 
  custom:framework-win-MediaFoundation: 216162199b28c13a410421893ffa2e32 -> 
  custom:CustomObjectIndexerAttribute: 756ad292c208cfabdd7b50bc23989ffe -> 
  custom:container-demuxer-webm: 4f35f7cbe854078d1ac9338744f61a02 -> 
  custom:container-muxer-webm: aa71ff27fc2769a1b78a27578f13a17b -> 
  custom:video-decoder-webm-vp8: 9c59270c3fd7afecdb556c50c9e8de78 -> 
  custom:SearchIndexIgnoredProperties: e643bd26f0fe6173181afceb89e7c659 -> 
  custom:AudioImporter_EditorPlatform: d09bf68614088b80899f8185d706f6e7 -> 
  custom:video-encoder-webm-vp8: eb34c28f22e8b96e1ab97ce403110664 -> 
  custom:audio-decoder-ogg-vorbis: bf7c407c2cedff20999df2af8eb42d56 -> 
  custom:audio-encoder-webm-vorbis: bf7c407c2cedff20999df2af8eb42d56 -> 
========================================================================
Received Import Request.
  Time since last request: 93.763920 seconds.
  path: Assets/Scenes/Level0_0.unity
  artifactKey: Guid(2cda990e2423bbf4892e6590ba056729) Importer(815301076,1909f56bfc062723c751e8b465ee728b)
Start importing Assets/Scenes/Level0_0.unity using Guid(2cda990e2423bbf4892e6590ba056729) Importer(815301076,1909f56bfc062723c751e8b465ee728b)  -> (artifact id: '9251c42ee1b50682ce05790c35c446cd') in 0.003095 seconds
Number of updated asset objects reloaded before import = 0
Number of asset objects unloaded after import = 0
========================================================================
Received Import Request.
  Time since last request: 28.271457 seconds.
  path: Assets/Scenes/Level 0_12.unity
  artifactKey: Guid(b8a77afdaf313c044b7eaf53b4ee0f21) Importer(815301076,1909f56bfc062723c751e8b465ee728b)
Start importing Assets/Scenes/Level 0_12.unity using Guid(b8a77afdaf313c044b7eaf53b4ee0f21) Importer(815301076,1909f56bfc062723c751e8b465ee728b)  -> (artifact id: '48a7dfda9cbcf5e279d7475ba7aedf2c') in 0.000419 seconds
Number of updated asset objects reloaded before import = 0
Number of asset objects unloaded after import = 0
========================================================================
Received Import Request.
  Time since last request: 3.611145 seconds.
  path: Assets/Scenes/Level0_0.unity
  artifactKey: Guid(2cda990e2423bbf4892e6590ba056729) Importer(815301076,1909f56bfc062723c751e8b465ee728b)
Start importing Assets/Scenes/Level0_0.unity using Guid(2cda990e2423bbf4892e6590ba056729) Importer(815301076,1909f56bfc062723c751e8b465ee728b)  -> (artifact id: 'd8104d07c096a21cbe5d057e6b0dcdad') in 0.000489 seconds
Number of updated asset objects reloaded before import = 0
Number of asset objects unloaded after import = 0
========================================================================
Received Prepare
Begin MonoManager ReloadAssembly
Symbol file LoadedFromMemory doesn't match image D:\GitHub\Junior-Project\ProjMain\Library\PackageCache\com.unity.visualscripting@1.8.0\Editor\VisualScripting.Core\Dependencies\YamlDotNet\Unity.VisualScripting.YamlDotNet.dll
Symbol file LoadedFromMemory doesn't match image D:\GitHub\Junior-Project\ProjMain\Library\PackageCache\com.unity.visualscripting@1.8.0\Editor\VisualScripting.Core\Dependencies\DotNetZip\Unity.VisualScripting.IonicZip.dll
- Loaded All Assemblies, in  0.704 seconds
Refreshing native plugins compatible for Editor in 3.24 ms, found 4 plugins.
Native extension for WindowsStandalone target not found
Mono: successfully reloaded assembly
- Finished resetting the current domain, in  0.961 seconds
Domain Reload Profiling: 1665ms
	BeginReloadAssembly (150ms)
		ExecutionOrderSort (0ms)
		DisableScriptedObjects (14ms)
		BackupInstance (0ms)
		ReleaseScriptingObjects (0ms)
		CreateAndSetChildDomain (41ms)
	RebuildCommonClasses (30ms)
	RebuildNativeTypeToScriptingClass (11ms)
	initialDomainReloadingComplete (24ms)
	LoadAllAssembliesAndSetupDomain (488ms)
		LoadAssemblies (243ms)
		RebuildTransferFunctionScriptingTraits (0ms)
		AnalyzeDomain (310ms)
			TypeCache.Refresh (303ms)
				TypeCache.ScanAssembly (292ms)
			ScanForSourceGeneratedMonoScriptInfo (0ms)
			ResolveRequiredComponents (7ms)
	FinalizeReload (961ms)
		ReleaseScriptCaches (0ms)
		RebuildScriptCaches (0ms)
		SetupLoadedEditorAssemblies (427ms)
			LogAssemblyErrors (0ms)
			InitializePlatformSupportModulesInManaged (5ms)
			SetLoadedEditorAssemblies (6ms)
			RefreshPlugins (0ms)
			BeforeProcessingInitializeOnLoad (76ms)
			ProcessInitializeOnLoadAttributes (289ms)
			ProcessInitializeOnLoadMethodAttributes (48ms)
			AfterProcessingInitializeOnLoad (3ms)
			EditorAssembliesLoaded (0ms)
		ExecutionOrderSort2 (0ms)
		AwakeInstancesAfterBackupRestoration (17ms)
Refreshing native plugins compatible for Editor in 4.43 ms, found 4 plugins.
Preloading 0 native plugins for Editor in 0.00 ms.
Unloading 4217 Unused Serialized files (Serialized files now loaded: 0)
Unloading 36 unused Assets / (106.2 KB). Loaded Objects now: 4803.
Memory consumption went from 147.0 MB to 146.9 MB.
Total: 4.345000 ms (FindLiveObjects: 0.630400 ms CreateObjectMapping: 0.422800 ms MarkObjects: 3.223200 ms  DeleteObjects: 0.067300 ms)

Prepare: number of updated asset objects reloaded= 0
AssetImportParameters requested are different than current active one (requested -> active):
  custom:container-demuxer-ogg: 62fdf1f143b41e24485cea50d1cbac27 -> 
  custom:video-decoder-ogg-theora: a1e56fd34408186e4bbccfd4996cb3dc -> 
  custom:framework-win-MediaFoundation: 216162199b28c13a410421893ffa2e32 -> 
  custom:CustomObjectIndexerAttribute: 756ad292c208cfabdd7b50bc23989ffe -> 
  custom:container-demuxer-webm: 4f35f7cbe854078d1ac9338744f61a02 -> 
  custom:container-muxer-webm: aa71ff27fc2769a1b78a27578f13a17b -> 
  custom:video-decoder-webm-vp8: 9c59270c3fd7afecdb556c50c9e8de78 -> 
  custom:SearchIndexIgnoredProperties: e643bd26f0fe6173181afceb89e7c659 -> 
  custom:AudioImporter_EditorPlatform: d09bf68614088b80899f8185d706f6e7 -> 
  custom:video-encoder-webm-vp8: eb34c28f22e8b96e1ab97ce403110664 -> 
  custom:audio-decoder-ogg-vorbis: bf7c407c2cedff20999df2af8eb42d56 -> 
  custom:audio-encoder-webm-vorbis: bf7c407c2cedff20999df2af8eb42d56 -> 
========================================================================
Received Prepare
Begin MonoManager ReloadAssembly
Symbol file LoadedFromMemory doesn't match image D:\GitHub\Junior-Project\ProjMain\Library\PackageCache\com.unity.visualscripting@1.8.0\Editor\VisualScripting.Core\Dependencies\YamlDotNet\Unity.VisualScripting.YamlDotNet.dll
Symbol file LoadedFromMemory doesn't match image D:\GitHub\Junior-Project\ProjMain\Library\PackageCache\com.unity.visualscripting@1.8.0\Editor\VisualScripting.Core\Dependencies\DotNetZip\Unity.VisualScripting.IonicZip.dll
- Loaded All Assemblies, in  0.737 seconds
Refreshing native plugins compatible for Editor in 5.04 ms, found 4 plugins.
Native extension for WindowsStandalone target not found
Mono: successfully reloaded assembly
- Finished resetting the current domain, in  1.017 seconds
Domain Reload Profiling: 1753ms
	BeginReloadAssembly (164ms)
		ExecutionOrderSort (0ms)
		DisableScriptedObjects (17ms)
		BackupInstance (0ms)
		ReleaseScriptingObjects (0ms)
		CreateAndSetChildDomain (43ms)
	RebuildCommonClasses (32ms)
	RebuildNativeTypeToScriptingClass (12ms)
	initialDomainReloadingComplete (28ms)
	LoadAllAssembliesAndSetupDomain (499ms)
		LoadAssemblies (260ms)
		RebuildTransferFunctionScriptingTraits (0ms)
		AnalyzeDomain (311ms)
			TypeCache.Refresh (301ms)
				TypeCache.ScanAssembly (290ms)
			ScanForSourceGeneratedMonoScriptInfo (0ms)
			ResolveRequiredComponents (9ms)
	FinalizeReload (1017ms)
		ReleaseScriptCaches (0ms)
		RebuildScriptCaches (0ms)
		SetupLoadedEditorAssemblies (433ms)
			LogAssemblyErrors (0ms)
			InitializePlatformSupportModulesInManaged (7ms)
			SetLoadedEditorAssemblies (6ms)
			RefreshPlugins (0ms)
			BeforeProcessingInitializeOnLoad (74ms)
			ProcessInitializeOnLoadAttributes (292ms)
			ProcessInitializeOnLoadMethodAttributes (51ms)
			AfterProcessingInitializeOnLoad (3ms)
			EditorAssembliesLoaded (0ms)
		ExecutionOrderSort2 (0ms)
		AwakeInstancesAfterBackupRestoration (18ms)
Refreshing native plugins compatible for Editor in 3.81 ms, found 4 plugins.
Preloading 0 native plugins for Editor in 0.00 ms.
Unloading 4218 Unused Serialized files (Serialized files now loaded: 0)
Unloading 36 unused Assets / (107.1 KB). Loaded Objects now: 4819.
Memory consumption went from 147.3 MB to 147.2 MB.
Total: 4.212700 ms (FindLiveObjects: 0.333200 ms CreateObjectMapping: 0.579000 ms MarkObjects: 3.227400 ms  DeleteObjects: 0.072100 ms)

Prepare: number of updated asset objects reloaded= 0
AssetImportParameters requested are different than current active one (requested -> active):
  custom:container-demuxer-ogg: 62fdf1f143b41e24485cea50d1cbac27 -> 
  custom:video-decoder-ogg-theora: a1e56fd34408186e4bbccfd4996cb3dc -> 
  custom:framework-win-MediaFoundation: 216162199b28c13a410421893ffa2e32 -> 
  custom:CustomObjectIndexerAttribute: 756ad292c208cfabdd7b50bc23989ffe -> 
  custom:container-demuxer-webm: 4f35f7cbe854078d1ac9338744f61a02 -> 
  custom:container-muxer-webm: aa71ff27fc2769a1b78a27578f13a17b -> 
  custom:video-decoder-webm-vp8: 9c59270c3fd7afecdb556c50c9e8de78 -> 
  custom:SearchIndexIgnoredProperties: e643bd26f0fe6173181afceb89e7c659 -> 
  custom:AudioImporter_EditorPlatform: d09bf68614088b80899f8185d706f6e7 -> 
  custom:video-encoder-webm-vp8: eb34c28f22e8b96e1ab97ce403110664 -> 
  custom:audio-decoder-ogg-vorbis: bf7c407c2cedff20999df2af8eb42d56 -> 
  custom:audio-encoder-webm-vorbis: bf7c407c2cedff20999df2af8eb42d56 -> 
========================================================================
Received Import Request.
  Time since last request: 65.173792 seconds.
  path: Assets/Scenes/Level0_1.unity
  artifactKey: Guid(53d0f39f13b6fd9469d4c109f92b6251) Importer(815301076,1909f56bfc062723c751e8b465ee728b)
Start importing Assets/Scenes/Level0_1.unity using Guid(53d0f39f13b6fd9469d4c109f92b6251) Importer(815301076,1909f56bfc062723c751e8b465ee728b)  -> (artifact id: 'e15565c57160384eb24d64f105b01955') in 0.001675 seconds
Number of updated asset objects reloaded before import = 0
Number of asset objects unloaded after import = 0
========================================================================
Received Prepare
Begin MonoManager ReloadAssembly
Symbol file LoadedFromMemory doesn't match image D:\GitHub\Junior-Project\ProjMain\Library\PackageCache\com.unity.visualscripting@1.8.0\Editor\VisualScripting.Core\Dependencies\YamlDotNet\Unity.VisualScripting.YamlDotNet.dll
Symbol file LoadedFromMemory doesn't match image D:\GitHub\Junior-Project\ProjMain\Library\PackageCache\com.unity.visualscripting@1.8.0\Editor\VisualScripting.Core\Dependencies\DotNetZip\Unity.VisualScripting.IonicZip.dll
- Loaded All Assemblies, in  0.770 seconds
Refreshing native plugins compatible for Editor in 3.86 ms, found 4 plugins.
Native extension for WindowsStandalone target not found
Mono: successfully reloaded assembly
- Finished resetting the current domain, in  1.001 seconds
Domain Reload Profiling: 1771ms
	BeginReloadAssembly (156ms)
		ExecutionOrderSort (0ms)
		DisableScriptedObjects (17ms)
		BackupInstance (0ms)
		ReleaseScriptingObjects (0ms)
		CreateAndSetChildDomain (42ms)
	RebuildCommonClasses (37ms)
	RebuildNativeTypeToScriptingClass (12ms)
	initialDomainReloadingComplete (24ms)
	LoadAllAssembliesAndSetupDomain (542ms)
		LoadAssemblies (250ms)
		RebuildTransferFunctionScriptingTraits (0ms)
		AnalyzeDomain (356ms)
			TypeCache.Refresh (349ms)
				TypeCache.ScanAssembly (334ms)
			ScanForSourceGeneratedMonoScriptInfo (0ms)
			ResolveRequiredComponents (7ms)
	FinalizeReload (1001ms)
		ReleaseScriptCaches (0ms)
		RebuildScriptCaches (0ms)
		SetupLoadedEditorAssemblies (435ms)
			LogAssemblyErrors (0ms)
			InitializePlatformSupportModulesInManaged (4ms)
			SetLoadedEditorAssemblies (5ms)
			RefreshPlugins (0ms)
			BeforeProcessingInitializeOnLoad (67ms)
			ProcessInitializeOnLoadAttributes (313ms)
			ProcessInitializeOnLoadMethodAttributes (43ms)
			AfterProcessingInitializeOnLoad (3ms)
			EditorAssembliesLoaded (0ms)
		ExecutionOrderSort2 (0ms)
		AwakeInstancesAfterBackupRestoration (17ms)
Refreshing native plugins compatible for Editor in 4.47 ms, found 4 plugins.
Preloading 0 native plugins for Editor in 0.00 ms.
Unloading 4217 Unused Serialized files (Serialized files now loaded: 0)
Unloading 36 unused Assets / (106.3 KB). Loaded Objects now: 4835.
Memory consumption went from 147.1 MB to 147.0 MB.
Total: 3.475800 ms (FindLiveObjects: 0.334100 ms CreateObjectMapping: 0.486400 ms MarkObjects: 2.590300 ms  DeleteObjects: 0.064000 ms)

Prepare: number of updated asset objects reloaded= 0
AssetImportParameters requested are different than current active one (requested -> active):
  custom:container-demuxer-ogg: 62fdf1f143b41e24485cea50d1cbac27 -> 
  custom:video-decoder-ogg-theora: a1e56fd34408186e4bbccfd4996cb3dc -> 
  custom:framework-win-MediaFoundation: 216162199b28c13a410421893ffa2e32 -> 
  custom:CustomObjectIndexerAttribute: 756ad292c208cfabdd7b50bc23989ffe -> 
  custom:container-demuxer-webm: 4f35f7cbe854078d1ac9338744f61a02 -> 
  custom:container-muxer-webm: aa71ff27fc2769a1b78a27578f13a17b -> 
  custom:video-decoder-webm-vp8: 9c59270c3fd7afecdb556c50c9e8de78 -> 
  custom:SearchIndexIgnoredProperties: e643bd26f0fe6173181afceb89e7c659 -> 
  custom:AudioImporter_EditorPlatform: d09bf68614088b80899f8185d706f6e7 -> 
  custom:video-encoder-webm-vp8: eb34c28f22e8b96e1ab97ce403110664 -> 
  custom:audio-decoder-ogg-vorbis: bf7c407c2cedff20999df2af8eb42d56 -> 
  custom:audio-encoder-webm-vorbis: bf7c407c2cedff20999df2af8eb42d56 -> 
========================================================================
Received Import Request.
  Time since last request: 41.916851 seconds.
  path: Assets/Scenes/Level0_2.unity
  artifactKey: Guid(1f771546ee7d34044bdde41bf90c25e6) Importer(815301076,1909f56bfc062723c751e8b465ee728b)
Start importing Assets/Scenes/Level0_2.unity using Guid(1f771546ee7d34044bdde41bf90c25e6) Importer(815301076,1909f56bfc062723c751e8b465ee728b)  -> (artifact id: '70f0413eb5885c97a15b8639c2ccf8e4') in 0.002326 seconds
Number of updated asset objects reloaded before import = 0
Number of asset objects unloaded after import = 0
========================================================================
Received Import Request.
  Time since last request: 40.207042 seconds.
  path: Assets/Scenes/Level0_3.unity
  artifactKey: Guid(f820df50ee60ee7419f929467a7a3359) Importer(815301076,1909f56bfc062723c751e8b465ee728b)
Start importing Assets/Scenes/Level0_3.unity using Guid(f820df50ee60ee7419f929467a7a3359) Importer(815301076,1909f56bfc062723c751e8b465ee728b)  -> (artifact id: 'c30950bb77a5112f11bffbe5feb19d22') in 0.001201 seconds
Number of updated asset objects reloaded before import = 0
Number of asset objects unloaded after import = 0
========================================================================
Received Import Request.
  Time since last request: 17.415599 seconds.
  path: Assets/Scenes/Level0_4.unity
  artifactKey: Guid(91c9fb2c9f6d3314b94f3eb0130c09f4) Importer(815301076,1909f56bfc062723c751e8b465ee728b)
Start importing Assets/Scenes/Level0_4.unity using Guid(91c9fb2c9f6d3314b94f3eb0130c09f4) Importer(815301076,1909f56bfc062723c751e8b465ee728b)  -> (artifact id: 'e9e85c6266b4c4cc3d4ad45083136980') in 0.000643 seconds
Number of updated asset objects reloaded before import = 0
Number of asset objects unloaded after import = 0
========================================================================
Received Import Request.
  Time since last request: 17.618113 seconds.
  path: Assets/Scenes/Level0_5.unity
  artifactKey: Guid(fdb5266c6aae3ab43b6f4067e80b47ed) Importer(815301076,1909f56bfc062723c751e8b465ee728b)
Start importing Assets/Scenes/Level0_5.unity using Guid(fdb5266c6aae3ab43b6f4067e80b47ed) Importer(815301076,1909f56bfc062723c751e8b465ee728b)  -> (artifact id: '0e1998fd29eeae580e7792fdae72aa79') in 0.000606 seconds
Number of updated asset objects reloaded before import = 0
Number of asset objects unloaded after import = 0
========================================================================
Received Import Request.
  Time since last request: 17.673936 seconds.
  path: Assets/Scenes/Level0_6.unity
  artifactKey: Guid(918494f516b0091488a8cfb97e35288b) Importer(815301076,1909f56bfc062723c751e8b465ee728b)
Start importing Assets/Scenes/Level0_6.unity using Guid(918494f516b0091488a8cfb97e35288b) Importer(815301076,1909f56bfc062723c751e8b465ee728b)  -> (artifact id: 'b8c47beb43f13fcaaff9cad4ae4b7678') in 0.000400 seconds
Number of updated asset objects reloaded before import = 0
Number of asset objects unloaded after import = 0
========================================================================
Received Import Request.
  Time since last request: 12.393579 seconds.
  path: Assets/Scenes/Level0_7.unity
  artifactKey: Guid(8a1e51bcbb1e66c49b3502ac0fb7f38d) Importer(815301076,1909f56bfc062723c751e8b465ee728b)
Start importing Assets/Scenes/Level0_7.unity using Guid(8a1e51bcbb1e66c49b3502ac0fb7f38d) Importer(815301076,1909f56bfc062723c751e8b465ee728b)  -> (artifact id: 'b5219e5f30d87df9eda435578a75350c') in 0.000532 seconds
Number of updated asset objects reloaded before import = 0
Number of asset objects unloaded after import = 0
========================================================================
Received Import Request.
  Time since last request: 17.268907 seconds.
  path: Assets/Scenes/Level0_8.unity
  artifactKey: Guid(616cadf965a009d4cb5df51d76308902) Importer(815301076,1909f56bfc062723c751e8b465ee728b)
Start importing Assets/Scenes/Level0_8.unity using Guid(616cadf965a009d4cb5df51d76308902) Importer(815301076,1909f56bfc062723c751e8b465ee728b)  -> (artifact id: 'f89a7a696fa4bce802ebc3a08384c107') in 0.000474 seconds
Number of updated asset objects reloaded before import = 0
Number of asset objects unloaded after import = 0
========================================================================
Received Import Request.
  Time since last request: 9.915168 seconds.
  path: Assets/Scenes/Level0_9.unity
  artifactKey: Guid(12d5c70aca5ec96468606ffa368aae4d) Importer(815301076,1909f56bfc062723c751e8b465ee728b)
Start importing Assets/Scenes/Level0_9.unity using Guid(12d5c70aca5ec96468606ffa368aae4d) Importer(815301076,1909f56bfc062723c751e8b465ee728b)  -> (artifact id: '35fd73fb95e2a1e49dc03ff9e46b8472') in 0.000728 seconds
Number of updated asset objects reloaded before import = 0
Number of asset objects unloaded after import = 0
========================================================================
Received Import Request.
  Time since last request: 11.109791 seconds.
  path: Assets/Scenes/Level0_10.unity
  artifactKey: Guid(ba6369ca70335f84ebc4e5b07cefbac0) Importer(815301076,1909f56bfc062723c751e8b465ee728b)
Start importing Assets/Scenes/Level0_10.unity using Guid(ba6369ca70335f84ebc4e5b07cefbac0) Importer(815301076,1909f56bfc062723c751e8b465ee728b)  -> (artifact id: 'acef1b86bb53d26a031ef3446827230d') in 0.000396 seconds
Number of updated asset objects reloaded before import = 0
Number of asset objects unloaded after import = 0
========================================================================
Received Import Request.
  Time since last request: 32.881813 seconds.
  path: Assets/Scenes/Level1_1.unity
  artifactKey: Guid(c385d754c2bf3a44eb39080604c7c1f0) Importer(815301076,1909f56bfc062723c751e8b465ee728b)
Start importing Assets/Scenes/Level1_1.unity using Guid(c385d754c2bf3a44eb39080604c7c1f0) Importer(815301076,1909f56bfc062723c751e8b465ee728b)  -> (artifact id: '73ef16cab85fb0848654ae3da337a50c') in 0.000398 seconds
Number of updated asset objects reloaded before import = 0
Number of asset objects unloaded after import = 0
========================================================================
Received Import Request.
  Time since last request: 13.499349 seconds.
  path: Assets/Scenes/Level1_2.unity
  artifactKey: Guid(25037a2632377e6408035b2b4b77137a) Importer(815301076,1909f56bfc062723c751e8b465ee728b)
Start importing Assets/Scenes/Level1_2.unity using Guid(25037a2632377e6408035b2b4b77137a) Importer(815301076,1909f56bfc062723c751e8b465ee728b)  -> (artifact id: '2f2c10a0824db1210b2a12a27bd9f11f') in 0.000480 seconds
Number of updated asset objects reloaded before import = 0
Number of asset objects unloaded after import = 0
========================================================================
Received Import Request.
  Time since last request: 16.240305 seconds.
  path: Assets/Scenes/Level1_3.unity
  artifactKey: Guid(7b7fc6be8fde7cf43a0978665a06abc0) Importer(815301076,1909f56bfc062723c751e8b465ee728b)
Start importing Assets/Scenes/Level1_3.unity using Guid(7b7fc6be8fde7cf43a0978665a06abc0) Importer(815301076,1909f56bfc062723c751e8b465ee728b)  -> (artifact id: 'f9e44cc2788772617922f43715683808') in 0.000799 seconds
Number of updated asset objects reloaded before import = 0
Number of asset objects unloaded after import = 0
========================================================================
Received Import Request.
  Time since last request: 12.027178 seconds.
  path: Assets/Scenes/Level1_4.unity
  artifactKey: Guid(cba0c23943020f94fb7bf5972d86a591) Importer(815301076,1909f56bfc062723c751e8b465ee728b)
Start importing Assets/Scenes/Level1_4.unity using Guid(cba0c23943020f94fb7bf5972d86a591) Importer(815301076,1909f56bfc062723c751e8b465ee728b)  -> (artifact id: '7e991c133ce052a7c4eadf4a3108bfc5') in 0.000561 seconds
Number of updated asset objects reloaded before import = 0
Number of asset objects unloaded after import = 0
========================================================================
Received Import Request.
  Time since last request: 10.784351 seconds.
  path: Assets/Scenes/Level1_5.unity
  artifactKey: Guid(dc8eba7c5ff643a4db769ef27dcc8382) Importer(815301076,1909f56bfc062723c751e8b465ee728b)
Start importing Assets/Scenes/Level1_5.unity using Guid(dc8eba7c5ff643a4db769ef27dcc8382) Importer(815301076,1909f56bfc062723c751e8b465ee728b)  -> (artifact id: '5a2aab80cae8a7c9a7c5eb150248b108') in 0.000532 seconds
Number of updated asset objects reloaded before import = 0
Number of asset objects unloaded after import = 0
========================================================================
Received Import Request.
  Time since last request: 11.837239 seconds.
  path: Assets/Scenes/Level2_1.unity
  artifactKey: Guid(7c2336d4afdbab34b928f04b8d745d0e) Importer(815301076,1909f56bfc062723c751e8b465ee728b)
Start importing Assets/Scenes/Level2_1.unity using Guid(7c2336d4afdbab34b928f04b8d745d0e) Importer(815301076,1909f56bfc062723c751e8b465ee728b)  -> (artifact id: '361aa37c5d7bcacb38d633633a7957a1') in 0.000521 seconds
Number of updated asset objects reloaded before import = 0
Number of asset objects unloaded after import = 0
========================================================================
Received Prepare
Begin MonoManager ReloadAssembly
Symbol file LoadedFromMemory doesn't match image D:\GitHub\Junior-Project\ProjMain\Library\PackageCache\com.unity.visualscripting@1.8.0\Editor\VisualScripting.Core\Dependencies\YamlDotNet\Unity.VisualScripting.YamlDotNet.dll
Symbol file LoadedFromMemory doesn't match image D:\GitHub\Junior-Project\ProjMain\Library\PackageCache\com.unity.visualscripting@1.8.0\Editor\VisualScripting.Core\Dependencies\DotNetZip\Unity.VisualScripting.IonicZip.dll
- Loaded All Assemblies, in  0.703 seconds
Refreshing native plugins compatible for Editor in 3.42 ms, found 4 plugins.
Native extension for WindowsStandalone target not found
Mono: successfully reloaded assembly
- Finished resetting the current domain, in  0.953 seconds
Domain Reload Profiling: 1656ms
	BeginReloadAssembly (165ms)
		ExecutionOrderSort (0ms)
		DisableScriptedObjects (14ms)
		BackupInstance (0ms)
		ReleaseScriptingObjects (0ms)
		CreateAndSetChildDomain (43ms)
	RebuildCommonClasses (31ms)
	RebuildNativeTypeToScriptingClass (11ms)
	initialDomainReloadingComplete (31ms)
	LoadAllAssembliesAndSetupDomain (464ms)
		LoadAssemblies (268ms)
		RebuildTransferFunctionScriptingTraits (0ms)
		AnalyzeDomain (272ms)
			TypeCache.Refresh (266ms)
				TypeCache.ScanAssembly (253ms)
			ScanForSourceGeneratedMonoScriptInfo (0ms)
			ResolveRequiredComponents (6ms)
	FinalizeReload (953ms)
		ReleaseScriptCaches (0ms)
		RebuildScriptCaches (0ms)
		SetupLoadedEditorAssemblies (401ms)
			LogAssemblyErrors (0ms)
			InitializePlatformSupportModulesInManaged (4ms)
			SetLoadedEditorAssemblies (5ms)
			RefreshPlugins (0ms)
			BeforeProcessingInitializeOnLoad (70ms)
			ProcessInitializeOnLoadAttributes (274ms)
			ProcessInitializeOnLoadMethodAttributes (43ms)
			AfterProcessingInitializeOnLoad (4ms)
			EditorAssembliesLoaded (0ms)
		ExecutionOrderSort2 (0ms)
		AwakeInstancesAfterBackupRestoration (16ms)
Refreshing native plugins compatible for Editor in 5.61 ms, found 4 plugins.
Preloading 0 native plugins for Editor in 0.00 ms.
Unloading 4217 Unused Serialized files (Serialized files now loaded: 0)
Unloading 36 unused Assets / (107.2 KB). Loaded Objects now: 4851.
Memory consumption went from 147.1 MB to 147.0 MB.
Total: 5.258300 ms (FindLiveObjects: 0.380600 ms CreateObjectMapping: 0.446700 ms MarkObjects: 4.325900 ms  DeleteObjects: 0.103700 ms)

Prepare: number of updated asset objects reloaded= 0
AssetImportParameters requested are different than current active one (requested -> active):
  custom:container-demuxer-ogg: 62fdf1f143b41e24485cea50d1cbac27 -> 
  custom:video-decoder-ogg-theora: a1e56fd34408186e4bbccfd4996cb3dc -> 
  custom:framework-win-MediaFoundation: 216162199b28c13a410421893ffa2e32 -> 
  custom:CustomObjectIndexerAttribute: 756ad292c208cfabdd7b50bc23989ffe -> 
  custom:container-demuxer-webm: 4f35f7cbe854078d1ac9338744f61a02 -> 
  custom:container-muxer-webm: aa71ff27fc2769a1b78a27578f13a17b -> 
  custom:video-decoder-webm-vp8: 9c59270c3fd7afecdb556c50c9e8de78 -> 
  custom:SearchIndexIgnoredProperties: e643bd26f0fe6173181afceb89e7c659 -> 
  custom:AudioImporter_EditorPlatform: d09bf68614088b80899f8185d706f6e7 -> 
  custom:video-encoder-webm-vp8: eb34c28f22e8b96e1ab97ce403110664 -> 
  custom:audio-decoder-ogg-vorbis: bf7c407c2cedff20999df2af8eb42d56 -> 
  custom:audio-encoder-webm-vorbis: bf7c407c2cedff20999df2af8eb42d56 -> 
